<?xml version="1.0" encoding="UTF-8"?>
<testsuite xmlns:xsi="http://www.w3.org/2001/XMLSchema-instance" xsi:noNamespaceSchemaLocation="https://maven.apache.org/surefire/maven-surefire-plugin/xsd/surefire-test-report.xsd" name="com.springcloud.txmanagertest.TxManagerApplicationTests" time="16.036" tests="1" errors="0" skipped="0" failures="0">
  <properties>
    <property name="sun.desktop" value="windows"/>
    <property name="awt.toolkit" value="sun.awt.windows.WToolkit"/>
    <property name="file.encoding.pkg" value="sun.io"/>
    <property name="java.specification.version" value="1.8"/>
    <property name="sun.cpu.isalist" value="amd64"/>
    <property name="sun.jnu.encoding" value="GBK"/>
    <property name="java.class.path" value="D:\workspace\cloud-demo\tx-manager\target\test-classes;D:\workspace\cloud-demo\tx-manager\target\classes;D:\maven\apache-maven-3.6.2\lib\org\springframework\boot\spring-boot-starter-web\2.1.3.RELEASE\spring-boot-starter-web-2.1.3.RELEASE.jar;D:\maven\apache-maven-3.6.2\lib\org\springframework\boot\spring-boot-starter\2.1.3.RELEASE\spring-boot-starter-2.1.3.RELEASE.jar;D:\maven\apache-maven-3.6.2\lib\org\springframework\boot\spring-boot-starter-logging\2.1.3.RELEASE\spring-boot-starter-logging-2.1.3.RELEASE.jar;D:\maven\apache-maven-3.6.2\lib\ch\qos\logback\logback-classic\1.2.3\logback-classic-1.2.3.jar;D:\maven\apache-maven-3.6.2\lib\ch\qos\logback\logback-core\1.2.3\logback-core-1.2.3.jar;D:\maven\apache-maven-3.6.2\lib\org\apache\logging\log4j\log4j-to-slf4j\2.11.2\log4j-to-slf4j-2.11.2.jar;D:\maven\apache-maven-3.6.2\lib\org\apache\logging\log4j\log4j-api\2.11.2\log4j-api-2.11.2.jar;D:\maven\apache-maven-3.6.2\lib\org\slf4j\jul-to-slf4j\1.7.25\jul-to-slf4j-1.7.25.jar;D:\maven\apache-maven-3.6.2\lib\javax\annotation\javax.annotation-api\1.3.2\javax.annotation-api-1.3.2.jar;D:\maven\apache-maven-3.6.2\lib\org\yaml\snakeyaml\1.23\snakeyaml-1.23.jar;D:\maven\apache-maven-3.6.2\lib\org\springframework\boot\spring-boot-starter-json\2.1.3.RELEASE\spring-boot-starter-json-2.1.3.RELEASE.jar;D:\maven\apache-maven-3.6.2\lib\com\fasterxml\jackson\core\jackson-databind\2.9.8\jackson-databind-2.9.8.jar;D:\maven\apache-maven-3.6.2\lib\com\fasterxml\jackson\datatype\jackson-datatype-jdk8\2.9.8\jackson-datatype-jdk8-2.9.8.jar;D:\maven\apache-maven-3.6.2\lib\com\fasterxml\jackson\datatype\jackson-datatype-jsr310\2.9.8\jackson-datatype-jsr310-2.9.8.jar;D:\maven\apache-maven-3.6.2\lib\com\fasterxml\jackson\module\jackson-module-parameter-names\2.9.8\jackson-module-parameter-names-2.9.8.jar;D:\maven\apache-maven-3.6.2\lib\org\springframework\boot\spring-boot-starter-tomcat\2.1.3.RELEASE\spring-boot-starter-tomcat-2.1.3.RELEASE.jar;D:\maven\apache-maven-3.6.2\lib\org\apache\tomcat\embed\tomcat-embed-core\9.0.16\tomcat-embed-core-9.0.16.jar;D:\maven\apache-maven-3.6.2\lib\org\apache\tomcat\embed\tomcat-embed-el\9.0.16\tomcat-embed-el-9.0.16.jar;D:\maven\apache-maven-3.6.2\lib\org\apache\tomcat\embed\tomcat-embed-websocket\9.0.16\tomcat-embed-websocket-9.0.16.jar;D:\maven\apache-maven-3.6.2\lib\org\hibernate\validator\hibernate-validator\6.0.14.Final\hibernate-validator-6.0.14.Final.jar;D:\maven\apache-maven-3.6.2\lib\javax\validation\validation-api\2.0.1.Final\validation-api-2.0.1.Final.jar;D:\maven\apache-maven-3.6.2\lib\org\jboss\logging\jboss-logging\3.3.2.Final\jboss-logging-3.3.2.Final.jar;D:\maven\apache-maven-3.6.2\lib\org\springframework\spring-web\5.1.5.RELEASE\spring-web-5.1.5.RELEASE.jar;D:\maven\apache-maven-3.6.2\lib\org\springframework\spring-beans\5.1.5.RELEASE\spring-beans-5.1.5.RELEASE.jar;D:\maven\apache-maven-3.6.2\lib\org\springframework\spring-webmvc\5.1.5.RELEASE\spring-webmvc-5.1.5.RELEASE.jar;D:\maven\apache-maven-3.6.2\lib\org\springframework\spring-aop\5.1.5.RELEASE\spring-aop-5.1.5.RELEASE.jar;D:\maven\apache-maven-3.6.2\lib\org\springframework\spring-context\5.1.5.RELEASE\spring-context-5.1.5.RELEASE.jar;D:\maven\apache-maven-3.6.2\lib\org\springframework\spring-expression\5.1.5.RELEASE\spring-expression-5.1.5.RELEASE.jar;D:\maven\apache-maven-3.6.2\lib\org\mybatis\spring\boot\mybatis-spring-boot-starter\2.0.0\mybatis-spring-boot-starter-2.0.0.jar;D:\maven\apache-maven-3.6.2\lib\org\mybatis\spring\boot\mybatis-spring-boot-autoconfigure\2.0.0\mybatis-spring-boot-autoconfigure-2.0.0.jar;D:\maven\apache-maven-3.6.2\lib\org\mybatis\mybatis\3.5.0\mybatis-3.5.0.jar;D:\maven\apache-maven-3.6.2\lib\org\mybatis\mybatis-spring\2.0.0\mybatis-spring-2.0.0.jar;D:\maven\apache-maven-3.6.2\lib\io\springfox\springfox-swagger2\2.7.0\springfox-swagger2-2.7.0.jar;D:\maven\apache-maven-3.6.2\lib\io\swagger\swagger-annotations\1.5.13\swagger-annotations-1.5.13.jar;D:\maven\apache-maven-3.6.2\lib\io\swagger\swagger-models\1.5.13\swagger-models-1.5.13.jar;D:\maven\apache-maven-3.6.2\lib\com\fasterxml\jackson\core\jackson-annotations\2.9.0\jackson-annotations-2.9.0.jar;D:\maven\apache-maven-3.6.2\lib\io\springfox\springfox-spi\2.7.0\springfox-spi-2.7.0.jar;D:\maven\apache-maven-3.6.2\lib\io\springfox\springfox-core\2.7.0\springfox-core-2.7.0.jar;D:\maven\apache-maven-3.6.2\lib\io\springfox\springfox-schema\2.7.0\springfox-schema-2.7.0.jar;D:\maven\apache-maven-3.6.2\lib\io\springfox\springfox-swagger-common\2.7.0\springfox-swagger-common-2.7.0.jar;D:\maven\apache-maven-3.6.2\lib\io\springfox\springfox-spring-web\2.7.0\springfox-spring-web-2.7.0.jar;D:\maven\apache-maven-3.6.2\lib\org\reflections\reflections\0.9.11\reflections-0.9.11.jar;D:\maven\apache-maven-3.6.2\lib\org\javassist\javassist\3.21.0-GA\javassist-3.21.0-GA.jar;D:\maven\apache-maven-3.6.2\lib\com\google\guava\guava\18.0\guava-18.0.jar;D:\maven\apache-maven-3.6.2\lib\com\fasterxml\classmate\1.4.0\classmate-1.4.0.jar;D:\maven\apache-maven-3.6.2\lib\org\slf4j\slf4j-api\1.7.25\slf4j-api-1.7.25.jar;D:\maven\apache-maven-3.6.2\lib\org\springframework\plugin\spring-plugin-core\1.2.0.RELEASE\spring-plugin-core-1.2.0.RELEASE.jar;D:\maven\apache-maven-3.6.2\lib\org\springframework\plugin\spring-plugin-metadata\1.2.0.RELEASE\spring-plugin-metadata-1.2.0.RELEASE.jar;D:\maven\apache-maven-3.6.2\lib\org\mapstruct\mapstruct\1.1.0.Final\mapstruct-1.1.0.Final.jar;D:\maven\apache-maven-3.6.2\lib\io\springfox\springfox-swagger-ui\2.7.0\springfox-swagger-ui-2.7.0.jar;D:\maven\apache-maven-3.6.2\lib\org\springframework\cloud\spring-cloud-starter-netflix-eureka-client\2.1.1.RELEASE\spring-cloud-starter-netflix-eureka-client-2.1.1.RELEASE.jar;D:\maven\apache-maven-3.6.2\lib\org\springframework\cloud\spring-cloud-starter\2.1.1.RELEASE\spring-cloud-starter-2.1.1.RELEASE.jar;D:\maven\apache-maven-3.6.2\lib\org\springframework\cloud\spring-cloud-context\2.1.1.RELEASE\spring-cloud-context-2.1.1.RELEASE.jar;D:\maven\apache-maven-3.6.2\lib\org\springframework\security\spring-security-rsa\1.0.7.RELEASE\spring-security-rsa-1.0.7.RELEASE.jar;D:\maven\apache-maven-3.6.2\lib\org\bouncycastle\bcpkix-jdk15on\1.60\bcpkix-jdk15on-1.60.jar;D:\maven\apache-maven-3.6.2\lib\org\bouncycastle\bcprov-jdk15on\1.60\bcprov-jdk15on-1.60.jar;D:\maven\apache-maven-3.6.2\lib\org\springframework\cloud\spring-cloud-netflix-hystrix\2.1.1.RELEASE\spring-cloud-netflix-hystrix-2.1.1.RELEASE.jar;D:\maven\apache-maven-3.6.2\lib\org\springframework\boot\spring-boot-starter-aop\2.1.3.RELEASE\spring-boot-starter-aop-2.1.3.RELEASE.jar;D:\maven\apache-maven-3.6.2\lib\org\springframework\cloud\spring-cloud-netflix-eureka-client\2.1.1.RELEASE\spring-cloud-netflix-eureka-client-2.1.1.RELEASE.jar;D:\maven\apache-maven-3.6.2\lib\com\netflix\eureka\eureka-client\1.9.8\eureka-client-1.9.8.jar;D:\maven\apache-maven-3.6.2\lib\org\codehaus\jettison\jettison\1.3.7\jettison-1.3.7.jar;D:\maven\apache-maven-3.6.2\lib\stax\stax-api\1.0.1\stax-api-1.0.1.jar;D:\maven\apache-maven-3.6.2\lib\com\netflix\netflix-commons\netflix-eventbus\0.3.0\netflix-eventbus-0.3.0.jar;D:\maven\apache-maven-3.6.2\lib\com\netflix\netflix-commons\netflix-infix\0.3.0\netflix-infix-0.3.0.jar;D:\maven\apache-maven-3.6.2\lib\commons-jxpath\commons-jxpath\1.3\commons-jxpath-1.3.jar;D:\maven\apache-maven-3.6.2\lib\joda-time\joda-time\2.10.1\joda-time-2.10.1.jar;D:\maven\apache-maven-3.6.2\lib\org\antlr\antlr-runtime\3.4\antlr-runtime-3.4.jar;D:\maven\apache-maven-3.6.2\lib\org\antlr\stringtemplate\3.2.1\stringtemplate-3.2.1.jar;D:\maven\apache-maven-3.6.2\lib\com\google\code\gson\gson\2.8.5\gson-2.8.5.jar;D:\maven\apache-maven-3.6.2\lib\org\apache\commons\commons-math\2.2\commons-math-2.2.jar;D:\maven\apache-maven-3.6.2\lib\com\netflix\archaius\archaius-core\0.7.6\archaius-core-0.7.6.jar;D:\maven\apache-maven-3.6.2\lib\javax\ws\rs\jsr311-api\1.1.1\jsr311-api-1.1.1.jar;D:\maven\apache-maven-3.6.2\lib\com\netflix\servo\servo-core\0.12.21\servo-core-0.12.21.jar;D:\maven\apache-maven-3.6.2\lib\com\sun\jersey\jersey-core\1.19.1\jersey-core-1.19.1.jar;D:\maven\apache-maven-3.6.2\lib\com\sun\jersey\jersey-client\1.19.1\jersey-client-1.19.1.jar;D:\maven\apache-maven-3.6.2\lib\com\sun\jersey\contribs\jersey-apache-client4\1.19.1\jersey-apache-client4-1.19.1.jar;D:\maven\apache-maven-3.6.2\lib\com\google\inject\guice\4.1.0\guice-4.1.0.jar;D:\maven\apache-maven-3.6.2\lib\aopalliance\aopalliance\1.0\aopalliance-1.0.jar;D:\maven\apache-maven-3.6.2\lib\com\github\vlsi\compactmap\compactmap\1.2.1\compactmap-1.2.1.jar;D:\maven\apache-maven-3.6.2\lib\com\github\andrewoma\dexx\dexx-collections\0.2\dexx-collections-0.2.jar;D:\maven\apache-maven-3.6.2\lib\com\fasterxml\jackson\core\jackson-core\2.9.8\jackson-core-2.9.8.jar;D:\maven\apache-maven-3.6.2\lib\com\netflix\eureka\eureka-core\1.9.8\eureka-core-1.9.8.jar;D:\maven\apache-maven-3.6.2\lib\org\codehaus\woodstox\woodstox-core-asl\4.4.1\woodstox-core-asl-4.4.1.jar;D:\maven\apache-maven-3.6.2\lib\javax\xml\stream\stax-api\1.0-2\stax-api-1.0-2.jar;D:\maven\apache-maven-3.6.2\lib\org\codehaus\woodstox\stax2-api\3.1.4\stax2-api-3.1.4.jar;D:\maven\apache-maven-3.6.2\lib\org\springframework\cloud\spring-cloud-starter-netflix-archaius\2.1.1.RELEASE\spring-cloud-starter-netflix-archaius-2.1.1.RELEASE.jar;D:\maven\apache-maven-3.6.2\lib\org\springframework\cloud\spring-cloud-netflix-archaius\2.1.1.RELEASE\spring-cloud-netflix-archaius-2.1.1.RELEASE.jar;D:\maven\apache-maven-3.6.2\lib\commons-configuration\commons-configuration\1.8\commons-configuration-1.8.jar;D:\maven\apache-maven-3.6.2\lib\com\netflix\ribbon\ribbon-eureka\2.3.0\ribbon-eureka-2.3.0.jar;D:\maven\apache-maven-3.6.2\lib\com\thoughtworks\xstream\xstream\1.4.10\xstream-1.4.10.jar;D:\maven\apache-maven-3.6.2\lib\xmlpull\xmlpull\1.1.3.1\xmlpull-1.1.3.1.jar;D:\maven\apache-maven-3.6.2\lib\xpp3\xpp3_min\1.1.4c\xpp3_min-1.1.4c.jar;D:\maven\apache-maven-3.6.2\lib\org\springframework\cloud\spring-cloud-starter-netflix-ribbon\2.1.1.RELEASE\spring-cloud-starter-netflix-ribbon-2.1.1.RELEASE.jar;D:\maven\apache-maven-3.6.2\lib\org\springframework\cloud\spring-cloud-netflix-ribbon\2.1.1.RELEASE\spring-cloud-netflix-ribbon-2.1.1.RELEASE.jar;D:\maven\apache-maven-3.6.2\lib\com\netflix\ribbon\ribbon\2.3.0\ribbon-2.3.0.jar;D:\maven\apache-maven-3.6.2\lib\com\netflix\ribbon\ribbon-transport\2.3.0\ribbon-transport-2.3.0.jar;D:\maven\apache-maven-3.6.2\lib\io\reactivex\rxnetty-contexts\0.4.9\rxnetty-contexts-0.4.9.jar;D:\maven\apache-maven-3.6.2\lib\io\reactivex\rxnetty-servo\0.4.9\rxnetty-servo-0.4.9.jar;D:\maven\apache-maven-3.6.2\lib\javax\inject\javax.inject\1\javax.inject-1.jar;D:\maven\apache-maven-3.6.2\lib\io\reactivex\rxnetty\0.4.9\rxnetty-0.4.9.jar;D:\maven\apache-maven-3.6.2\lib\com\netflix\ribbon\ribbon-core\2.3.0\ribbon-core-2.3.0.jar;D:\maven\apache-maven-3.6.2\lib\commons-lang\commons-lang\2.6\commons-lang-2.6.jar;D:\maven\apache-maven-3.6.2\lib\com\netflix\ribbon\ribbon-httpclient\2.3.0\ribbon-httpclient-2.3.0.jar;D:\maven\apache-maven-3.6.2\lib\commons-collections\commons-collections\3.2.2\commons-collections-3.2.2.jar;D:\maven\apache-maven-3.6.2\lib\com\netflix\netflix-commons\netflix-commons-util\0.3.0\netflix-commons-util-0.3.0.jar;D:\maven\apache-maven-3.6.2\lib\com\netflix\ribbon\ribbon-loadbalancer\2.3.0\ribbon-loadbalancer-2.3.0.jar;D:\maven\apache-maven-3.6.2\lib\com\netflix\netflix-commons\netflix-statistics\0.1.1\netflix-statistics-0.1.1.jar;D:\maven\apache-maven-3.6.2\lib\io\reactivex\rxjava\1.3.8\rxjava-1.3.8.jar;D:\maven\apache-maven-3.6.2\lib\com\codingapi\txlcn\txlcn-tm\5.0.2.RELEASE\txlcn-tm-5.0.2.RELEASE.jar;D:\maven\apache-maven-3.6.2\lib\com\codingapi\txlcn\txlcn-logger\5.0.2.RELEASE\txlcn-logger-5.0.2.RELEASE.jar;D:\maven\apache-maven-3.6.2\lib\commons-dbutils\commons-dbutils\1.7\commons-dbutils-1.7.jar;D:\maven\apache-maven-3.6.2\lib\com\codingapi\txlcn\txlcn-common\5.0.2.RELEASE\txlcn-common-5.0.2.RELEASE.jar;D:\maven\apache-maven-3.6.2\lib\com\codingapi\txlcn\txlcn-txmsg-netty\5.0.2.RELEASE\txlcn-txmsg-netty-5.0.2.RELEASE.jar;D:\maven\apache-maven-3.6.2\lib\com\codingapi\txlcn\txlcn-txmsg\5.0.2.RELEASE\txlcn-txmsg-5.0.2.RELEASE.jar;D:\maven\apache-maven-3.6.2\lib\io\netty\netty-all\4.1.33.Final\netty-all-4.1.33.Final.jar;D:\maven\apache-maven-3.6.2\lib\org\springframework\boot\spring-boot-starter-mail\2.1.3.RELEASE\spring-boot-starter-mail-2.1.3.RELEASE.jar;D:\maven\apache-maven-3.6.2\lib\org\springframework\spring-context-support\5.1.5.RELEASE\spring-context-support-5.1.5.RELEASE.jar;D:\maven\apache-maven-3.6.2\lib\com\sun\mail\javax.mail\1.6.2\javax.mail-1.6.2.jar;D:\maven\apache-maven-3.6.2\lib\javax\activation\activation\1.1\activation-1.1.jar;D:\maven\apache-maven-3.6.2\lib\mysql\mysql-connector-java\8.0.11\mysql-connector-java-8.0.11.jar;D:\maven\apache-maven-3.6.2\lib\com\google\protobuf\protobuf-java\2.6.0\protobuf-java-2.6.0.jar;D:\maven\apache-maven-3.6.2\lib\org\springframework\boot\spring-boot-starter-data-jpa\2.1.3.RELEASE\spring-boot-starter-data-jpa-2.1.3.RELEASE.jar;D:\maven\apache-maven-3.6.2\lib\javax\transaction\javax.transaction-api\1.3\javax.transaction-api-1.3.jar;D:\maven\apache-maven-3.6.2\lib\javax\xml\bind\jaxb-api\2.3.1\jaxb-api-2.3.1.jar;D:\maven\apache-maven-3.6.2\lib\javax\activation\javax.activation-api\1.2.0\javax.activation-api-1.2.0.jar;D:\maven\apache-maven-3.6.2\lib\org\hibernate\hibernate-core\5.3.7.Final\hibernate-core-5.3.7.Final.jar;D:\maven\apache-maven-3.6.2\lib\javax\persistence\javax.persistence-api\2.2\javax.persistence-api-2.2.jar;D:\maven\apache-maven-3.6.2\lib\antlr\antlr\2.7.7\antlr-2.7.7.jar;D:\maven\apache-maven-3.6.2\lib\org\jboss\jandex\2.0.5.Final\jandex-2.0.5.Final.jar;D:\maven\apache-maven-3.6.2\lib\org\dom4j\dom4j\2.1.1\dom4j-2.1.1.jar;D:\maven\apache-maven-3.6.2\lib\org\hibernate\common\hibernate-commons-annotations\5.0.4.Final\hibernate-commons-annotations-5.0.4.Final.jar;D:\maven\apache-maven-3.6.2\lib\org\springframework\data\spring-data-jpa\2.1.5.RELEASE\spring-data-jpa-2.1.5.RELEASE.jar;D:\maven\apache-maven-3.6.2\lib\org\springframework\data\spring-data-commons\2.1.5.RELEASE\spring-data-commons-2.1.5.RELEASE.jar;D:\maven\apache-maven-3.6.2\lib\org\springframework\spring-orm\5.1.5.RELEASE\spring-orm-5.1.5.RELEASE.jar;D:\maven\apache-maven-3.6.2\lib\org\springframework\spring-aspects\5.1.5.RELEASE\spring-aspects-5.1.5.RELEASE.jar;D:\maven\apache-maven-3.6.2\lib\org\springframework\boot\spring-boot-starter-actuator\2.1.3.RELEASE\spring-boot-starter-actuator-2.1.3.RELEASE.jar;D:\maven\apache-maven-3.6.2\lib\org\springframework\boot\spring-boot-actuator-autoconfigure\2.1.3.RELEASE\spring-boot-actuator-autoconfigure-2.1.3.RELEASE.jar;D:\maven\apache-maven-3.6.2\lib\org\springframework\boot\spring-boot-actuator\2.1.3.RELEASE\spring-boot-actuator-2.1.3.RELEASE.jar;D:\maven\apache-maven-3.6.2\lib\io\micrometer\micrometer-core\1.1.3\micrometer-core-1.1.3.jar;D:\maven\apache-maven-3.6.2\lib\org\latencyutils\LatencyUtils\2.0.3\LatencyUtils-2.0.3.jar;D:\maven\apache-maven-3.6.2\lib\com\alibaba\fastjson\1.2.34\fastjson-1.2.34.jar;D:\maven\apache-maven-3.6.2\lib\com\caucho\hessian\4.0.38\hessian-4.0.38.jar;D:\maven\apache-maven-3.6.2\lib\io\protostuff\protostuff-core\1.6.0\protostuff-core-1.6.0.jar;D:\maven\apache-maven-3.6.2\lib\io\protostuff\protostuff-api\1.6.0\protostuff-api-1.6.0.jar;D:\maven\apache-maven-3.6.2\lib\io\protostuff\protostuff-runtime\1.6.0\protostuff-runtime-1.6.0.jar;D:\maven\apache-maven-3.6.2\lib\io\protostuff\protostuff-collectionschema\1.6.0\protostuff-collectionschema-1.6.0.jar;D:\maven\apache-maven-3.6.2\lib\com\esotericsoftware\kryo-shaded\4.0.0\kryo-shaded-4.0.0.jar;D:\maven\apache-maven-3.6.2\lib\com\esotericsoftware\minlog\1.3.0\minlog-1.3.0.jar;D:\maven\apache-maven-3.6.2\lib\org\objenesis\objenesis\2.2\objenesis-2.2.jar;D:\maven\apache-maven-3.6.2\lib\org\springframework\boot\spring-boot-starter-jdbc\2.1.3.RELEASE\spring-boot-starter-jdbc-2.1.3.RELEASE.jar;D:\maven\apache-maven-3.6.2\lib\com\zaxxer\HikariCP\3.2.0\HikariCP-3.2.0.jar;D:\maven\apache-maven-3.6.2\lib\org\springframework\spring-jdbc\5.1.5.RELEASE\spring-jdbc-5.1.5.RELEASE.jar;D:\maven\apache-maven-3.6.2\lib\org\springframework\spring-tx\5.1.5.RELEASE\spring-tx-5.1.5.RELEASE.jar;D:\maven\apache-maven-3.6.2\lib\com\alibaba\druid-spring-boot-starter\1.1.10\druid-spring-boot-starter-1.1.10.jar;D:\maven\apache-maven-3.6.2\lib\com\alibaba\druid\1.1.10\druid-1.1.10.jar;D:\maven\apache-maven-3.6.2\lib\org\springframework\boot\spring-boot-autoconfigure\2.1.3.RELEASE\spring-boot-autoconfigure-2.1.3.RELEASE.jar;D:\maven\apache-maven-3.6.2\lib\org\springframework\springloaded\1.2.8.RELEASE\springloaded-1.2.8.RELEASE.jar;D:\maven\apache-maven-3.6.2\lib\org\springframework\boot\spring-boot-devtools\2.1.3.RELEASE\spring-boot-devtools-2.1.3.RELEASE.jar;D:\maven\apache-maven-3.6.2\lib\org\springframework\boot\spring-boot\2.1.3.RELEASE\spring-boot-2.1.3.RELEASE.jar;D:\maven\apache-maven-3.6.2\lib\org\springframework\boot\spring-boot-configuration-processor\2.1.3.RELEASE\spring-boot-configuration-processor-2.1.3.RELEASE.jar;D:\maven\apache-maven-3.6.2\lib\org\projectlombok\lombok\1.18.6\lombok-1.18.6.jar;D:\maven\apache-maven-3.6.2\lib\org\springframework\boot\spring-boot-starter-test\2.1.3.RELEASE\spring-boot-starter-test-2.1.3.RELEASE.jar;D:\maven\apache-maven-3.6.2\lib\org\springframework\boot\spring-boot-test\2.1.3.RELEASE\spring-boot-test-2.1.3.RELEASE.jar;D:\maven\apache-maven-3.6.2\lib\org\springframework\boot\spring-boot-test-autoconfigure\2.1.3.RELEASE\spring-boot-test-autoconfigure-2.1.3.RELEASE.jar;D:\maven\apache-maven-3.6.2\lib\com\jayway\jsonpath\json-path\2.4.0\json-path-2.4.0.jar;D:\maven\apache-maven-3.6.2\lib\net\minidev\json-smart\2.3\json-smart-2.3.jar;D:\maven\apache-maven-3.6.2\lib\net\minidev\accessors-smart\1.2\accessors-smart-1.2.jar;D:\maven\apache-maven-3.6.2\lib\junit\junit\4.12\junit-4.12.jar;D:\maven\apache-maven-3.6.2\lib\org\assertj\assertj-core\3.11.1\assertj-core-3.11.1.jar;D:\maven\apache-maven-3.6.2\lib\org\mockito\mockito-core\2.23.4\mockito-core-2.23.4.jar;D:\maven\apache-maven-3.6.2\lib\net\bytebuddy\byte-buddy\1.9.10\byte-buddy-1.9.10.jar;D:\maven\apache-maven-3.6.2\lib\net\bytebuddy\byte-buddy-agent\1.9.10\byte-buddy-agent-1.9.10.jar;D:\maven\apache-maven-3.6.2\lib\org\hamcrest\hamcrest-core\1.3\hamcrest-core-1.3.jar;D:\maven\apache-maven-3.6.2\lib\org\hamcrest\hamcrest-library\1.3\hamcrest-library-1.3.jar;D:\maven\apache-maven-3.6.2\lib\org\skyscreamer\jsonassert\1.5.0\jsonassert-1.5.0.jar;D:\maven\apache-maven-3.6.2\lib\com\vaadin\external\google\android-json\0.0.20131108.vaadin1\android-json-0.0.20131108.vaadin1.jar;D:\maven\apache-maven-3.6.2\lib\org\springframework\spring-core\5.1.5.RELEASE\spring-core-5.1.5.RELEASE.jar;D:\maven\apache-maven-3.6.2\lib\org\springframework\spring-jcl\5.1.5.RELEASE\spring-jcl-5.1.5.RELEASE.jar;D:\maven\apache-maven-3.6.2\lib\org\springframework\spring-test\5.1.5.RELEASE\spring-test-5.1.5.RELEASE.jar;D:\maven\apache-maven-3.6.2\lib\org\xmlunit\xmlunit-core\2.6.2\xmlunit-core-2.6.2.jar;D:\maven\apache-maven-3.6.2\lib\org\springframework\boot\spring-boot-starter-data-redis\2.1.3.RELEASE\spring-boot-starter-data-redis-2.1.3.RELEASE.jar;D:\maven\apache-maven-3.6.2\lib\org\springframework\data\spring-data-redis\2.1.5.RELEASE\spring-data-redis-2.1.5.RELEASE.jar;D:\maven\apache-maven-3.6.2\lib\org\springframework\data\spring-data-keyvalue\2.1.5.RELEASE\spring-data-keyvalue-2.1.5.RELEASE.jar;D:\maven\apache-maven-3.6.2\lib\org\springframework\spring-oxm\5.1.5.RELEASE\spring-oxm-5.1.5.RELEASE.jar;D:\maven\apache-maven-3.6.2\lib\io\lettuce\lettuce-core\5.1.4.RELEASE\lettuce-core-5.1.4.RELEASE.jar;D:\maven\apache-maven-3.6.2\lib\io\netty\netty-common\4.1.33.Final\netty-common-4.1.33.Final.jar;D:\maven\apache-maven-3.6.2\lib\io\netty\netty-handler\4.1.33.Final\netty-handler-4.1.33.Final.jar;D:\maven\apache-maven-3.6.2\lib\io\netty\netty-buffer\4.1.33.Final\netty-buffer-4.1.33.Final.jar;D:\maven\apache-maven-3.6.2\lib\io\netty\netty-codec\4.1.33.Final\netty-codec-4.1.33.Final.jar;D:\maven\apache-maven-3.6.2\lib\io\netty\netty-transport\4.1.33.Final\netty-transport-4.1.33.Final.jar;D:\maven\apache-maven-3.6.2\lib\io\netty\netty-resolver\4.1.33.Final\netty-resolver-4.1.33.Final.jar;D:\maven\apache-maven-3.6.2\lib\io\projectreactor\reactor-core\3.2.6.RELEASE\reactor-core-3.2.6.RELEASE.jar;D:\maven\apache-maven-3.6.2\lib\org\reactivestreams\reactive-streams\1.0.2\reactive-streams-1.0.2.jar;D:\maven\apache-maven-3.6.2\lib\com\netflix\hystrix\hystrix-javanica\1.5.18\hystrix-javanica-1.5.18.jar;D:\maven\apache-maven-3.6.2\lib\org\apache\commons\commons-lang3\3.8.1\commons-lang3-3.8.1.jar;D:\maven\apache-maven-3.6.2\lib\org\ow2\asm\asm\5.0.4\asm-5.0.4.jar;D:\maven\apache-maven-3.6.2\lib\com\netflix\hystrix\hystrix-core\1.5.18\hystrix-core-1.5.18.jar;D:\maven\apache-maven-3.6.2\lib\org\hdrhistogram\HdrHistogram\2.1.9\HdrHistogram-2.1.9.jar;D:\maven\apache-maven-3.6.2\lib\org\aspectj\aspectjweaver\1.9.2\aspectjweaver-1.9.2.jar;D:\maven\apache-maven-3.6.2\lib\org\springframework\cloud\spring-cloud-netflix-hystrix-dashboard\2.1.1.RELEASE\spring-cloud-netflix-hystrix-dashboard-2.1.1.RELEASE.jar;D:\maven\apache-maven-3.6.2\lib\org\springframework\boot\spring-boot-starter-freemarker\2.1.3.RELEASE\spring-boot-starter-freemarker-2.1.3.RELEASE.jar;D:\maven\apache-maven-3.6.2\lib\org\freemarker\freemarker\2.3.28\freemarker-2.3.28.jar;D:\maven\apache-maven-3.6.2\lib\org\springframework\cloud\spring-cloud-commons\2.1.1.RELEASE\spring-cloud-commons-2.1.1.RELEASE.jar;D:\maven\apache-maven-3.6.2\lib\org\springframework\security\spring-security-crypto\5.1.4.RELEASE\spring-security-crypto-5.1.4.RELEASE.jar;D:\maven\apache-maven-3.6.2\lib\org\apache\httpcomponents\httpclient\4.5.7\httpclient-4.5.7.jar;D:\maven\apache-maven-3.6.2\lib\org\apache\httpcomponents\httpcore\4.4.11\httpcore-4.4.11.jar;D:\maven\apache-maven-3.6.2\lib\commons-codec\commons-codec\1.11\commons-codec-1.11.jar;D:\maven\apache-maven-3.6.2\lib\com\netflix\hystrix\hystrix-metrics-event-stream\1.5.18\hystrix-metrics-event-stream-1.5.18.jar;D:\maven\apache-maven-3.6.2\lib\com\netflix\hystrix\hystrix-serialization\1.5.18\hystrix-serialization-1.5.18.jar;D:\maven\apache-maven-3.6.2\lib\com\fasterxml\jackson\module\jackson-module-afterburner\2.9.8\jackson-module-afterburner-2.9.8.jar;D:\maven\apache-maven-3.6.2\lib\org\webjars\jquery\2.1.1\jquery-2.1.1.jar;D:\maven\apache-maven-3.6.2\lib\org\webjars\d3js\3.4.11\d3js-3.4.11.jar;"/>
    <property name="java.vm.vendor" value="Oracle Corporation"/>
    <property name="sun.arch.data.model" value="64"/>
    <property name="user.variant" value=""/>
    <property name="java.vendor.url" value="http://java.oracle.com/"/>
    <property name="user.timezone" value="Asia/Shanghai"/>
    <property name="java.vm.specification.version" value="1.8"/>
    <property name="os.name" value="Windows 10"/>
    <property name="user.country" value="CN"/>
    <property name="sun.java.launcher" value="SUN_STANDARD"/>
    <property name="sun.boot.library.path" value="C:\Program Files\Java\jdk1.8.0_161\jre\bin"/>
    <property name="sun.java.command" value="C:\Users\ADMINI~1\AppData\Local\Temp\surefire4974435282203228035\surefirebooter56039185020535204.jar C:\Users\Administrator\AppData\Local\Temp\surefire4974435282203228035 2019-12-27T17-29-04_730-jvmRun1 surefire7289916951853009889tmp surefire_06034226686281534004tmp"/>
    <property name="surefire.test.class.path" value="D:\workspace\cloud-demo\tx-manager\target\test-classes;D:\workspace\cloud-demo\tx-manager\target\classes;D:\maven\apache-maven-3.6.2\lib\org\springframework\boot\spring-boot-starter-web\2.1.3.RELEASE\spring-boot-starter-web-2.1.3.RELEASE.jar;D:\maven\apache-maven-3.6.2\lib\org\springframework\boot\spring-boot-starter\2.1.3.RELEASE\spring-boot-starter-2.1.3.RELEASE.jar;D:\maven\apache-maven-3.6.2\lib\org\springframework\boot\spring-boot-starter-logging\2.1.3.RELEASE\spring-boot-starter-logging-2.1.3.RELEASE.jar;D:\maven\apache-maven-3.6.2\lib\ch\qos\logback\logback-classic\1.2.3\logback-classic-1.2.3.jar;D:\maven\apache-maven-3.6.2\lib\ch\qos\logback\logback-core\1.2.3\logback-core-1.2.3.jar;D:\maven\apache-maven-3.6.2\lib\org\apache\logging\log4j\log4j-to-slf4j\2.11.2\log4j-to-slf4j-2.11.2.jar;D:\maven\apache-maven-3.6.2\lib\org\apache\logging\log4j\log4j-api\2.11.2\log4j-api-2.11.2.jar;D:\maven\apache-maven-3.6.2\lib\org\slf4j\jul-to-slf4j\1.7.25\jul-to-slf4j-1.7.25.jar;D:\maven\apache-maven-3.6.2\lib\javax\annotation\javax.annotation-api\1.3.2\javax.annotation-api-1.3.2.jar;D:\maven\apache-maven-3.6.2\lib\org\yaml\snakeyaml\1.23\snakeyaml-1.23.jar;D:\maven\apache-maven-3.6.2\lib\org\springframework\boot\spring-boot-starter-json\2.1.3.RELEASE\spring-boot-starter-json-2.1.3.RELEASE.jar;D:\maven\apache-maven-3.6.2\lib\com\fasterxml\jackson\core\jackson-databind\2.9.8\jackson-databind-2.9.8.jar;D:\maven\apache-maven-3.6.2\lib\com\fasterxml\jackson\datatype\jackson-datatype-jdk8\2.9.8\jackson-datatype-jdk8-2.9.8.jar;D:\maven\apache-maven-3.6.2\lib\com\fasterxml\jackson\datatype\jackson-datatype-jsr310\2.9.8\jackson-datatype-jsr310-2.9.8.jar;D:\maven\apache-maven-3.6.2\lib\com\fasterxml\jackson\module\jackson-module-parameter-names\2.9.8\jackson-module-parameter-names-2.9.8.jar;D:\maven\apache-maven-3.6.2\lib\org\springframework\boot\spring-boot-starter-tomcat\2.1.3.RELEASE\spring-boot-starter-tomcat-2.1.3.RELEASE.jar;D:\maven\apache-maven-3.6.2\lib\org\apache\tomcat\embed\tomcat-embed-core\9.0.16\tomcat-embed-core-9.0.16.jar;D:\maven\apache-maven-3.6.2\lib\org\apache\tomcat\embed\tomcat-embed-el\9.0.16\tomcat-embed-el-9.0.16.jar;D:\maven\apache-maven-3.6.2\lib\org\apache\tomcat\embed\tomcat-embed-websocket\9.0.16\tomcat-embed-websocket-9.0.16.jar;D:\maven\apache-maven-3.6.2\lib\org\hibernate\validator\hibernate-validator\6.0.14.Final\hibernate-validator-6.0.14.Final.jar;D:\maven\apache-maven-3.6.2\lib\javax\validation\validation-api\2.0.1.Final\validation-api-2.0.1.Final.jar;D:\maven\apache-maven-3.6.2\lib\org\jboss\logging\jboss-logging\3.3.2.Final\jboss-logging-3.3.2.Final.jar;D:\maven\apache-maven-3.6.2\lib\org\springframework\spring-web\5.1.5.RELEASE\spring-web-5.1.5.RELEASE.jar;D:\maven\apache-maven-3.6.2\lib\org\springframework\spring-beans\5.1.5.RELEASE\spring-beans-5.1.5.RELEASE.jar;D:\maven\apache-maven-3.6.2\lib\org\springframework\spring-webmvc\5.1.5.RELEASE\spring-webmvc-5.1.5.RELEASE.jar;D:\maven\apache-maven-3.6.2\lib\org\springframework\spring-aop\5.1.5.RELEASE\spring-aop-5.1.5.RELEASE.jar;D:\maven\apache-maven-3.6.2\lib\org\springframework\spring-context\5.1.5.RELEASE\spring-context-5.1.5.RELEASE.jar;D:\maven\apache-maven-3.6.2\lib\org\springframework\spring-expression\5.1.5.RELEASE\spring-expression-5.1.5.RELEASE.jar;D:\maven\apache-maven-3.6.2\lib\org\mybatis\spring\boot\mybatis-spring-boot-starter\2.0.0\mybatis-spring-boot-starter-2.0.0.jar;D:\maven\apache-maven-3.6.2\lib\org\mybatis\spring\boot\mybatis-spring-boot-autoconfigure\2.0.0\mybatis-spring-boot-autoconfigure-2.0.0.jar;D:\maven\apache-maven-3.6.2\lib\org\mybatis\mybatis\3.5.0\mybatis-3.5.0.jar;D:\maven\apache-maven-3.6.2\lib\org\mybatis\mybatis-spring\2.0.0\mybatis-spring-2.0.0.jar;D:\maven\apache-maven-3.6.2\lib\io\springfox\springfox-swagger2\2.7.0\springfox-swagger2-2.7.0.jar;D:\maven\apache-maven-3.6.2\lib\io\swagger\swagger-annotations\1.5.13\swagger-annotations-1.5.13.jar;D:\maven\apache-maven-3.6.2\lib\io\swagger\swagger-models\1.5.13\swagger-models-1.5.13.jar;D:\maven\apache-maven-3.6.2\lib\com\fasterxml\jackson\core\jackson-annotations\2.9.0\jackson-annotations-2.9.0.jar;D:\maven\apache-maven-3.6.2\lib\io\springfox\springfox-spi\2.7.0\springfox-spi-2.7.0.jar;D:\maven\apache-maven-3.6.2\lib\io\springfox\springfox-core\2.7.0\springfox-core-2.7.0.jar;D:\maven\apache-maven-3.6.2\lib\io\springfox\springfox-schema\2.7.0\springfox-schema-2.7.0.jar;D:\maven\apache-maven-3.6.2\lib\io\springfox\springfox-swagger-common\2.7.0\springfox-swagger-common-2.7.0.jar;D:\maven\apache-maven-3.6.2\lib\io\springfox\springfox-spring-web\2.7.0\springfox-spring-web-2.7.0.jar;D:\maven\apache-maven-3.6.2\lib\org\reflections\reflections\0.9.11\reflections-0.9.11.jar;D:\maven\apache-maven-3.6.2\lib\org\javassist\javassist\3.21.0-GA\javassist-3.21.0-GA.jar;D:\maven\apache-maven-3.6.2\lib\com\google\guava\guava\18.0\guava-18.0.jar;D:\maven\apache-maven-3.6.2\lib\com\fasterxml\classmate\1.4.0\classmate-1.4.0.jar;D:\maven\apache-maven-3.6.2\lib\org\slf4j\slf4j-api\1.7.25\slf4j-api-1.7.25.jar;D:\maven\apache-maven-3.6.2\lib\org\springframework\plugin\spring-plugin-core\1.2.0.RELEASE\spring-plugin-core-1.2.0.RELEASE.jar;D:\maven\apache-maven-3.6.2\lib\org\springframework\plugin\spring-plugin-metadata\1.2.0.RELEASE\spring-plugin-metadata-1.2.0.RELEASE.jar;D:\maven\apache-maven-3.6.2\lib\org\mapstruct\mapstruct\1.1.0.Final\mapstruct-1.1.0.Final.jar;D:\maven\apache-maven-3.6.2\lib\io\springfox\springfox-swagger-ui\2.7.0\springfox-swagger-ui-2.7.0.jar;D:\maven\apache-maven-3.6.2\lib\org\springframework\cloud\spring-cloud-starter-netflix-eureka-client\2.1.1.RELEASE\spring-cloud-starter-netflix-eureka-client-2.1.1.RELEASE.jar;D:\maven\apache-maven-3.6.2\lib\org\springframework\cloud\spring-cloud-starter\2.1.1.RELEASE\spring-cloud-starter-2.1.1.RELEASE.jar;D:\maven\apache-maven-3.6.2\lib\org\springframework\cloud\spring-cloud-context\2.1.1.RELEASE\spring-cloud-context-2.1.1.RELEASE.jar;D:\maven\apache-maven-3.6.2\lib\org\springframework\security\spring-security-rsa\1.0.7.RELEASE\spring-security-rsa-1.0.7.RELEASE.jar;D:\maven\apache-maven-3.6.2\lib\org\bouncycastle\bcpkix-jdk15on\1.60\bcpkix-jdk15on-1.60.jar;D:\maven\apache-maven-3.6.2\lib\org\bouncycastle\bcprov-jdk15on\1.60\bcprov-jdk15on-1.60.jar;D:\maven\apache-maven-3.6.2\lib\org\springframework\cloud\spring-cloud-netflix-hystrix\2.1.1.RELEASE\spring-cloud-netflix-hystrix-2.1.1.RELEASE.jar;D:\maven\apache-maven-3.6.2\lib\org\springframework\boot\spring-boot-starter-aop\2.1.3.RELEASE\spring-boot-starter-aop-2.1.3.RELEASE.jar;D:\maven\apache-maven-3.6.2\lib\org\springframework\cloud\spring-cloud-netflix-eureka-client\2.1.1.RELEASE\spring-cloud-netflix-eureka-client-2.1.1.RELEASE.jar;D:\maven\apache-maven-3.6.2\lib\com\netflix\eureka\eureka-client\1.9.8\eureka-client-1.9.8.jar;D:\maven\apache-maven-3.6.2\lib\org\codehaus\jettison\jettison\1.3.7\jettison-1.3.7.jar;D:\maven\apache-maven-3.6.2\lib\stax\stax-api\1.0.1\stax-api-1.0.1.jar;D:\maven\apache-maven-3.6.2\lib\com\netflix\netflix-commons\netflix-eventbus\0.3.0\netflix-eventbus-0.3.0.jar;D:\maven\apache-maven-3.6.2\lib\com\netflix\netflix-commons\netflix-infix\0.3.0\netflix-infix-0.3.0.jar;D:\maven\apache-maven-3.6.2\lib\commons-jxpath\commons-jxpath\1.3\commons-jxpath-1.3.jar;D:\maven\apache-maven-3.6.2\lib\joda-time\joda-time\2.10.1\joda-time-2.10.1.jar;D:\maven\apache-maven-3.6.2\lib\org\antlr\antlr-runtime\3.4\antlr-runtime-3.4.jar;D:\maven\apache-maven-3.6.2\lib\org\antlr\stringtemplate\3.2.1\stringtemplate-3.2.1.jar;D:\maven\apache-maven-3.6.2\lib\com\google\code\gson\gson\2.8.5\gson-2.8.5.jar;D:\maven\apache-maven-3.6.2\lib\org\apache\commons\commons-math\2.2\commons-math-2.2.jar;D:\maven\apache-maven-3.6.2\lib\com\netflix\archaius\archaius-core\0.7.6\archaius-core-0.7.6.jar;D:\maven\apache-maven-3.6.2\lib\javax\ws\rs\jsr311-api\1.1.1\jsr311-api-1.1.1.jar;D:\maven\apache-maven-3.6.2\lib\com\netflix\servo\servo-core\0.12.21\servo-core-0.12.21.jar;D:\maven\apache-maven-3.6.2\lib\com\sun\jersey\jersey-core\1.19.1\jersey-core-1.19.1.jar;D:\maven\apache-maven-3.6.2\lib\com\sun\jersey\jersey-client\1.19.1\jersey-client-1.19.1.jar;D:\maven\apache-maven-3.6.2\lib\com\sun\jersey\contribs\jersey-apache-client4\1.19.1\jersey-apache-client4-1.19.1.jar;D:\maven\apache-maven-3.6.2\lib\com\google\inject\guice\4.1.0\guice-4.1.0.jar;D:\maven\apache-maven-3.6.2\lib\aopalliance\aopalliance\1.0\aopalliance-1.0.jar;D:\maven\apache-maven-3.6.2\lib\com\github\vlsi\compactmap\compactmap\1.2.1\compactmap-1.2.1.jar;D:\maven\apache-maven-3.6.2\lib\com\github\andrewoma\dexx\dexx-collections\0.2\dexx-collections-0.2.jar;D:\maven\apache-maven-3.6.2\lib\com\fasterxml\jackson\core\jackson-core\2.9.8\jackson-core-2.9.8.jar;D:\maven\apache-maven-3.6.2\lib\com\netflix\eureka\eureka-core\1.9.8\eureka-core-1.9.8.jar;D:\maven\apache-maven-3.6.2\lib\org\codehaus\woodstox\woodstox-core-asl\4.4.1\woodstox-core-asl-4.4.1.jar;D:\maven\apache-maven-3.6.2\lib\javax\xml\stream\stax-api\1.0-2\stax-api-1.0-2.jar;D:\maven\apache-maven-3.6.2\lib\org\codehaus\woodstox\stax2-api\3.1.4\stax2-api-3.1.4.jar;D:\maven\apache-maven-3.6.2\lib\org\springframework\cloud\spring-cloud-starter-netflix-archaius\2.1.1.RELEASE\spring-cloud-starter-netflix-archaius-2.1.1.RELEASE.jar;D:\maven\apache-maven-3.6.2\lib\org\springframework\cloud\spring-cloud-netflix-archaius\2.1.1.RELEASE\spring-cloud-netflix-archaius-2.1.1.RELEASE.jar;D:\maven\apache-maven-3.6.2\lib\commons-configuration\commons-configuration\1.8\commons-configuration-1.8.jar;D:\maven\apache-maven-3.6.2\lib\com\netflix\ribbon\ribbon-eureka\2.3.0\ribbon-eureka-2.3.0.jar;D:\maven\apache-maven-3.6.2\lib\com\thoughtworks\xstream\xstream\1.4.10\xstream-1.4.10.jar;D:\maven\apache-maven-3.6.2\lib\xmlpull\xmlpull\1.1.3.1\xmlpull-1.1.3.1.jar;D:\maven\apache-maven-3.6.2\lib\xpp3\xpp3_min\1.1.4c\xpp3_min-1.1.4c.jar;D:\maven\apache-maven-3.6.2\lib\org\springframework\cloud\spring-cloud-starter-netflix-ribbon\2.1.1.RELEASE\spring-cloud-starter-netflix-ribbon-2.1.1.RELEASE.jar;D:\maven\apache-maven-3.6.2\lib\org\springframework\cloud\spring-cloud-netflix-ribbon\2.1.1.RELEASE\spring-cloud-netflix-ribbon-2.1.1.RELEASE.jar;D:\maven\apache-maven-3.6.2\lib\com\netflix\ribbon\ribbon\2.3.0\ribbon-2.3.0.jar;D:\maven\apache-maven-3.6.2\lib\com\netflix\ribbon\ribbon-transport\2.3.0\ribbon-transport-2.3.0.jar;D:\maven\apache-maven-3.6.2\lib\io\reactivex\rxnetty-contexts\0.4.9\rxnetty-contexts-0.4.9.jar;D:\maven\apache-maven-3.6.2\lib\io\reactivex\rxnetty-servo\0.4.9\rxnetty-servo-0.4.9.jar;D:\maven\apache-maven-3.6.2\lib\javax\inject\javax.inject\1\javax.inject-1.jar;D:\maven\apache-maven-3.6.2\lib\io\reactivex\rxnetty\0.4.9\rxnetty-0.4.9.jar;D:\maven\apache-maven-3.6.2\lib\com\netflix\ribbon\ribbon-core\2.3.0\ribbon-core-2.3.0.jar;D:\maven\apache-maven-3.6.2\lib\commons-lang\commons-lang\2.6\commons-lang-2.6.jar;D:\maven\apache-maven-3.6.2\lib\com\netflix\ribbon\ribbon-httpclient\2.3.0\ribbon-httpclient-2.3.0.jar;D:\maven\apache-maven-3.6.2\lib\commons-collections\commons-collections\3.2.2\commons-collections-3.2.2.jar;D:\maven\apache-maven-3.6.2\lib\com\netflix\netflix-commons\netflix-commons-util\0.3.0\netflix-commons-util-0.3.0.jar;D:\maven\apache-maven-3.6.2\lib\com\netflix\ribbon\ribbon-loadbalancer\2.3.0\ribbon-loadbalancer-2.3.0.jar;D:\maven\apache-maven-3.6.2\lib\com\netflix\netflix-commons\netflix-statistics\0.1.1\netflix-statistics-0.1.1.jar;D:\maven\apache-maven-3.6.2\lib\io\reactivex\rxjava\1.3.8\rxjava-1.3.8.jar;D:\maven\apache-maven-3.6.2\lib\com\codingapi\txlcn\txlcn-tm\5.0.2.RELEASE\txlcn-tm-5.0.2.RELEASE.jar;D:\maven\apache-maven-3.6.2\lib\com\codingapi\txlcn\txlcn-logger\5.0.2.RELEASE\txlcn-logger-5.0.2.RELEASE.jar;D:\maven\apache-maven-3.6.2\lib\commons-dbutils\commons-dbutils\1.7\commons-dbutils-1.7.jar;D:\maven\apache-maven-3.6.2\lib\com\codingapi\txlcn\txlcn-common\5.0.2.RELEASE\txlcn-common-5.0.2.RELEASE.jar;D:\maven\apache-maven-3.6.2\lib\com\codingapi\txlcn\txlcn-txmsg-netty\5.0.2.RELEASE\txlcn-txmsg-netty-5.0.2.RELEASE.jar;D:\maven\apache-maven-3.6.2\lib\com\codingapi\txlcn\txlcn-txmsg\5.0.2.RELEASE\txlcn-txmsg-5.0.2.RELEASE.jar;D:\maven\apache-maven-3.6.2\lib\io\netty\netty-all\4.1.33.Final\netty-all-4.1.33.Final.jar;D:\maven\apache-maven-3.6.2\lib\org\springframework\boot\spring-boot-starter-mail\2.1.3.RELEASE\spring-boot-starter-mail-2.1.3.RELEASE.jar;D:\maven\apache-maven-3.6.2\lib\org\springframework\spring-context-support\5.1.5.RELEASE\spring-context-support-5.1.5.RELEASE.jar;D:\maven\apache-maven-3.6.2\lib\com\sun\mail\javax.mail\1.6.2\javax.mail-1.6.2.jar;D:\maven\apache-maven-3.6.2\lib\javax\activation\activation\1.1\activation-1.1.jar;D:\maven\apache-maven-3.6.2\lib\mysql\mysql-connector-java\8.0.11\mysql-connector-java-8.0.11.jar;D:\maven\apache-maven-3.6.2\lib\com\google\protobuf\protobuf-java\2.6.0\protobuf-java-2.6.0.jar;D:\maven\apache-maven-3.6.2\lib\org\springframework\boot\spring-boot-starter-data-jpa\2.1.3.RELEASE\spring-boot-starter-data-jpa-2.1.3.RELEASE.jar;D:\maven\apache-maven-3.6.2\lib\javax\transaction\javax.transaction-api\1.3\javax.transaction-api-1.3.jar;D:\maven\apache-maven-3.6.2\lib\javax\xml\bind\jaxb-api\2.3.1\jaxb-api-2.3.1.jar;D:\maven\apache-maven-3.6.2\lib\javax\activation\javax.activation-api\1.2.0\javax.activation-api-1.2.0.jar;D:\maven\apache-maven-3.6.2\lib\org\hibernate\hibernate-core\5.3.7.Final\hibernate-core-5.3.7.Final.jar;D:\maven\apache-maven-3.6.2\lib\javax\persistence\javax.persistence-api\2.2\javax.persistence-api-2.2.jar;D:\maven\apache-maven-3.6.2\lib\antlr\antlr\2.7.7\antlr-2.7.7.jar;D:\maven\apache-maven-3.6.2\lib\org\jboss\jandex\2.0.5.Final\jandex-2.0.5.Final.jar;D:\maven\apache-maven-3.6.2\lib\org\dom4j\dom4j\2.1.1\dom4j-2.1.1.jar;D:\maven\apache-maven-3.6.2\lib\org\hibernate\common\hibernate-commons-annotations\5.0.4.Final\hibernate-commons-annotations-5.0.4.Final.jar;D:\maven\apache-maven-3.6.2\lib\org\springframework\data\spring-data-jpa\2.1.5.RELEASE\spring-data-jpa-2.1.5.RELEASE.jar;D:\maven\apache-maven-3.6.2\lib\org\springframework\data\spring-data-commons\2.1.5.RELEASE\spring-data-commons-2.1.5.RELEASE.jar;D:\maven\apache-maven-3.6.2\lib\org\springframework\spring-orm\5.1.5.RELEASE\spring-orm-5.1.5.RELEASE.jar;D:\maven\apache-maven-3.6.2\lib\org\springframework\spring-aspects\5.1.5.RELEASE\spring-aspects-5.1.5.RELEASE.jar;D:\maven\apache-maven-3.6.2\lib\org\springframework\boot\spring-boot-starter-actuator\2.1.3.RELEASE\spring-boot-starter-actuator-2.1.3.RELEASE.jar;D:\maven\apache-maven-3.6.2\lib\org\springframework\boot\spring-boot-actuator-autoconfigure\2.1.3.RELEASE\spring-boot-actuator-autoconfigure-2.1.3.RELEASE.jar;D:\maven\apache-maven-3.6.2\lib\org\springframework\boot\spring-boot-actuator\2.1.3.RELEASE\spring-boot-actuator-2.1.3.RELEASE.jar;D:\maven\apache-maven-3.6.2\lib\io\micrometer\micrometer-core\1.1.3\micrometer-core-1.1.3.jar;D:\maven\apache-maven-3.6.2\lib\org\latencyutils\LatencyUtils\2.0.3\LatencyUtils-2.0.3.jar;D:\maven\apache-maven-3.6.2\lib\com\alibaba\fastjson\1.2.34\fastjson-1.2.34.jar;D:\maven\apache-maven-3.6.2\lib\com\caucho\hessian\4.0.38\hessian-4.0.38.jar;D:\maven\apache-maven-3.6.2\lib\io\protostuff\protostuff-core\1.6.0\protostuff-core-1.6.0.jar;D:\maven\apache-maven-3.6.2\lib\io\protostuff\protostuff-api\1.6.0\protostuff-api-1.6.0.jar;D:\maven\apache-maven-3.6.2\lib\io\protostuff\protostuff-runtime\1.6.0\protostuff-runtime-1.6.0.jar;D:\maven\apache-maven-3.6.2\lib\io\protostuff\protostuff-collectionschema\1.6.0\protostuff-collectionschema-1.6.0.jar;D:\maven\apache-maven-3.6.2\lib\com\esotericsoftware\kryo-shaded\4.0.0\kryo-shaded-4.0.0.jar;D:\maven\apache-maven-3.6.2\lib\com\esotericsoftware\minlog\1.3.0\minlog-1.3.0.jar;D:\maven\apache-maven-3.6.2\lib\org\objenesis\objenesis\2.2\objenesis-2.2.jar;D:\maven\apache-maven-3.6.2\lib\org\springframework\boot\spring-boot-starter-jdbc\2.1.3.RELEASE\spring-boot-starter-jdbc-2.1.3.RELEASE.jar;D:\maven\apache-maven-3.6.2\lib\com\zaxxer\HikariCP\3.2.0\HikariCP-3.2.0.jar;D:\maven\apache-maven-3.6.2\lib\org\springframework\spring-jdbc\5.1.5.RELEASE\spring-jdbc-5.1.5.RELEASE.jar;D:\maven\apache-maven-3.6.2\lib\org\springframework\spring-tx\5.1.5.RELEASE\spring-tx-5.1.5.RELEASE.jar;D:\maven\apache-maven-3.6.2\lib\com\alibaba\druid-spring-boot-starter\1.1.10\druid-spring-boot-starter-1.1.10.jar;D:\maven\apache-maven-3.6.2\lib\com\alibaba\druid\1.1.10\druid-1.1.10.jar;D:\maven\apache-maven-3.6.2\lib\org\springframework\boot\spring-boot-autoconfigure\2.1.3.RELEASE\spring-boot-autoconfigure-2.1.3.RELEASE.jar;D:\maven\apache-maven-3.6.2\lib\org\springframework\springloaded\1.2.8.RELEASE\springloaded-1.2.8.RELEASE.jar;D:\maven\apache-maven-3.6.2\lib\org\springframework\boot\spring-boot-devtools\2.1.3.RELEASE\spring-boot-devtools-2.1.3.RELEASE.jar;D:\maven\apache-maven-3.6.2\lib\org\springframework\boot\spring-boot\2.1.3.RELEASE\spring-boot-2.1.3.RELEASE.jar;D:\maven\apache-maven-3.6.2\lib\org\springframework\boot\spring-boot-configuration-processor\2.1.3.RELEASE\spring-boot-configuration-processor-2.1.3.RELEASE.jar;D:\maven\apache-maven-3.6.2\lib\org\projectlombok\lombok\1.18.6\lombok-1.18.6.jar;D:\maven\apache-maven-3.6.2\lib\org\springframework\boot\spring-boot-starter-test\2.1.3.RELEASE\spring-boot-starter-test-2.1.3.RELEASE.jar;D:\maven\apache-maven-3.6.2\lib\org\springframework\boot\spring-boot-test\2.1.3.RELEASE\spring-boot-test-2.1.3.RELEASE.jar;D:\maven\apache-maven-3.6.2\lib\org\springframework\boot\spring-boot-test-autoconfigure\2.1.3.RELEASE\spring-boot-test-autoconfigure-2.1.3.RELEASE.jar;D:\maven\apache-maven-3.6.2\lib\com\jayway\jsonpath\json-path\2.4.0\json-path-2.4.0.jar;D:\maven\apache-maven-3.6.2\lib\net\minidev\json-smart\2.3\json-smart-2.3.jar;D:\maven\apache-maven-3.6.2\lib\net\minidev\accessors-smart\1.2\accessors-smart-1.2.jar;D:\maven\apache-maven-3.6.2\lib\junit\junit\4.12\junit-4.12.jar;D:\maven\apache-maven-3.6.2\lib\org\assertj\assertj-core\3.11.1\assertj-core-3.11.1.jar;D:\maven\apache-maven-3.6.2\lib\org\mockito\mockito-core\2.23.4\mockito-core-2.23.4.jar;D:\maven\apache-maven-3.6.2\lib\net\bytebuddy\byte-buddy\1.9.10\byte-buddy-1.9.10.jar;D:\maven\apache-maven-3.6.2\lib\net\bytebuddy\byte-buddy-agent\1.9.10\byte-buddy-agent-1.9.10.jar;D:\maven\apache-maven-3.6.2\lib\org\hamcrest\hamcrest-core\1.3\hamcrest-core-1.3.jar;D:\maven\apache-maven-3.6.2\lib\org\hamcrest\hamcrest-library\1.3\hamcrest-library-1.3.jar;D:\maven\apache-maven-3.6.2\lib\org\skyscreamer\jsonassert\1.5.0\jsonassert-1.5.0.jar;D:\maven\apache-maven-3.6.2\lib\com\vaadin\external\google\android-json\0.0.20131108.vaadin1\android-json-0.0.20131108.vaadin1.jar;D:\maven\apache-maven-3.6.2\lib\org\springframework\spring-core\5.1.5.RELEASE\spring-core-5.1.5.RELEASE.jar;D:\maven\apache-maven-3.6.2\lib\org\springframework\spring-jcl\5.1.5.RELEASE\spring-jcl-5.1.5.RELEASE.jar;D:\maven\apache-maven-3.6.2\lib\org\springframework\spring-test\5.1.5.RELEASE\spring-test-5.1.5.RELEASE.jar;D:\maven\apache-maven-3.6.2\lib\org\xmlunit\xmlunit-core\2.6.2\xmlunit-core-2.6.2.jar;D:\maven\apache-maven-3.6.2\lib\org\springframework\boot\spring-boot-starter-data-redis\2.1.3.RELEASE\spring-boot-starter-data-redis-2.1.3.RELEASE.jar;D:\maven\apache-maven-3.6.2\lib\org\springframework\data\spring-data-redis\2.1.5.RELEASE\spring-data-redis-2.1.5.RELEASE.jar;D:\maven\apache-maven-3.6.2\lib\org\springframework\data\spring-data-keyvalue\2.1.5.RELEASE\spring-data-keyvalue-2.1.5.RELEASE.jar;D:\maven\apache-maven-3.6.2\lib\org\springframework\spring-oxm\5.1.5.RELEASE\spring-oxm-5.1.5.RELEASE.jar;D:\maven\apache-maven-3.6.2\lib\io\lettuce\lettuce-core\5.1.4.RELEASE\lettuce-core-5.1.4.RELEASE.jar;D:\maven\apache-maven-3.6.2\lib\io\netty\netty-common\4.1.33.Final\netty-common-4.1.33.Final.jar;D:\maven\apache-maven-3.6.2\lib\io\netty\netty-handler\4.1.33.Final\netty-handler-4.1.33.Final.jar;D:\maven\apache-maven-3.6.2\lib\io\netty\netty-buffer\4.1.33.Final\netty-buffer-4.1.33.Final.jar;D:\maven\apache-maven-3.6.2\lib\io\netty\netty-codec\4.1.33.Final\netty-codec-4.1.33.Final.jar;D:\maven\apache-maven-3.6.2\lib\io\netty\netty-transport\4.1.33.Final\netty-transport-4.1.33.Final.jar;D:\maven\apache-maven-3.6.2\lib\io\netty\netty-resolver\4.1.33.Final\netty-resolver-4.1.33.Final.jar;D:\maven\apache-maven-3.6.2\lib\io\projectreactor\reactor-core\3.2.6.RELEASE\reactor-core-3.2.6.RELEASE.jar;D:\maven\apache-maven-3.6.2\lib\org\reactivestreams\reactive-streams\1.0.2\reactive-streams-1.0.2.jar;D:\maven\apache-maven-3.6.2\lib\com\netflix\hystrix\hystrix-javanica\1.5.18\hystrix-javanica-1.5.18.jar;D:\maven\apache-maven-3.6.2\lib\org\apache\commons\commons-lang3\3.8.1\commons-lang3-3.8.1.jar;D:\maven\apache-maven-3.6.2\lib\org\ow2\asm\asm\5.0.4\asm-5.0.4.jar;D:\maven\apache-maven-3.6.2\lib\com\netflix\hystrix\hystrix-core\1.5.18\hystrix-core-1.5.18.jar;D:\maven\apache-maven-3.6.2\lib\org\hdrhistogram\HdrHistogram\2.1.9\HdrHistogram-2.1.9.jar;D:\maven\apache-maven-3.6.2\lib\org\aspectj\aspectjweaver\1.9.2\aspectjweaver-1.9.2.jar;D:\maven\apache-maven-3.6.2\lib\org\springframework\cloud\spring-cloud-netflix-hystrix-dashboard\2.1.1.RELEASE\spring-cloud-netflix-hystrix-dashboard-2.1.1.RELEASE.jar;D:\maven\apache-maven-3.6.2\lib\org\springframework\boot\spring-boot-starter-freemarker\2.1.3.RELEASE\spring-boot-starter-freemarker-2.1.3.RELEASE.jar;D:\maven\apache-maven-3.6.2\lib\org\freemarker\freemarker\2.3.28\freemarker-2.3.28.jar;D:\maven\apache-maven-3.6.2\lib\org\springframework\cloud\spring-cloud-commons\2.1.1.RELEASE\spring-cloud-commons-2.1.1.RELEASE.jar;D:\maven\apache-maven-3.6.2\lib\org\springframework\security\spring-security-crypto\5.1.4.RELEASE\spring-security-crypto-5.1.4.RELEASE.jar;D:\maven\apache-maven-3.6.2\lib\org\apache\httpcomponents\httpclient\4.5.7\httpclient-4.5.7.jar;D:\maven\apache-maven-3.6.2\lib\org\apache\httpcomponents\httpcore\4.4.11\httpcore-4.4.11.jar;D:\maven\apache-maven-3.6.2\lib\commons-codec\commons-codec\1.11\commons-codec-1.11.jar;D:\maven\apache-maven-3.6.2\lib\com\netflix\hystrix\hystrix-metrics-event-stream\1.5.18\hystrix-metrics-event-stream-1.5.18.jar;D:\maven\apache-maven-3.6.2\lib\com\netflix\hystrix\hystrix-serialization\1.5.18\hystrix-serialization-1.5.18.jar;D:\maven\apache-maven-3.6.2\lib\com\fasterxml\jackson\module\jackson-module-afterburner\2.9.8\jackson-module-afterburner-2.9.8.jar;D:\maven\apache-maven-3.6.2\lib\org\webjars\jquery\2.1.1\jquery-2.1.1.jar;D:\maven\apache-maven-3.6.2\lib\org\webjars\d3js\3.4.11\d3js-3.4.11.jar;"/>
    <property name="sun.cpu.endian" value="little"/>
    <property name="user.home" value="C:\Users\Administrator"/>
    <property name="user.language" value="zh"/>
    <property name="java.specification.vendor" value="Oracle Corporation"/>
    <property name="java.home" value="C:\Program Files\Java\jdk1.8.0_161\jre"/>
    <property name="basedir" value="D:\workspace\cloud-demo\tx-manager"/>
    <property name="file.separator" value="\"/>
    <property name="line.separator" value="&#10;"/>
    <property name="java.vm.specification.vendor" value="Oracle Corporation"/>
    <property name="java.specification.name" value="Java Platform API Specification"/>
    <property name="java.awt.graphicsenv" value="sun.awt.Win32GraphicsEnvironment"/>
    <property name="surefire.real.class.path" value="C:\Users\ADMINI~1\AppData\Local\Temp\surefire4974435282203228035\surefirebooter56039185020535204.jar"/>
    <property name="sun.boot.class.path" value="C:\Program Files\Java\jdk1.8.0_161\jre\lib\resources.jar;C:\Program Files\Java\jdk1.8.0_161\jre\lib\rt.jar;C:\Program Files\Java\jdk1.8.0_161\jre\lib\sunrsasign.jar;C:\Program Files\Java\jdk1.8.0_161\jre\lib\jsse.jar;C:\Program Files\Java\jdk1.8.0_161\jre\lib\jce.jar;C:\Program Files\Java\jdk1.8.0_161\jre\lib\charsets.jar;C:\Program Files\Java\jdk1.8.0_161\jre\lib\jfr.jar;C:\Program Files\Java\jdk1.8.0_161\jre\classes"/>
    <property name="user.script" value=""/>
    <property name="sun.management.compiler" value="HotSpot 64-Bit Tiered Compilers"/>
    <property name="java.runtime.version" value="1.8.0_161-b12"/>
    <property name="user.name" value="Administrator"/>
    <property name="path.separator" value=";"/>
    <property name="os.version" value="10.0"/>
    <property name="java.endorsed.dirs" value="C:\Program Files\Java\jdk1.8.0_161\jre\lib\endorsed"/>
    <property name="java.runtime.name" value="Java(TM) SE Runtime Environment"/>
    <property name="file.encoding" value="GBK"/>
    <property name="java.vm.name" value="Java HotSpot(TM) 64-Bit Server VM"/>
    <property name="localRepository" value="D:\maven\apache-maven-3.6.2\lib"/>
    <property name="java.vendor.url.bug" value="http://bugreport.sun.com/bugreport/"/>
    <property name="java.io.tmpdir" value="C:\Users\ADMINI~1\AppData\Local\Temp\"/>
    <property name="idea.version" value="2018.1.2"/>
    <property name="java.version" value="1.8.0_161"/>
    <property name="user.dir" value="D:\workspace\cloud-demo\tx-manager"/>
    <property name="os.arch" value="amd64"/>
    <property name="java.vm.specification.name" value="Java Virtual Machine Specification"/>
    <property name="java.awt.printerjob" value="sun.awt.windows.WPrinterJob"/>
    <property name="sun.os.patch.level" value=""/>
    <property name="java.library.path" value="C:\Program Files\Java\jdk1.8.0_161\jre\bin;C:\WINDOWS\Sun\Java\bin;C:\WINDOWS\system32;C:\WINDOWS;C:\ProgramData\DockerDesktop\version-bin;C:\Program Files\Docker\Docker\Resources\bin;C:\Program Files\Java\jdk1.8.0_161\bin;C:\Program Files\Java\jdk1.8.0_161\jre\bin;C:\ProgramData\Oracle\Java\javapath;C:\WINDOWS\system32;C:\WINDOWS;C:\WINDOWS\System32\Wbem;C:\WINDOWS\System32\WindowsPowerShell\v1.0\;C:\WINDOWS\System32\OpenSSH\;C:\Program Files\MySQL\MySQL Utilities 1.6\;C:\Program Files\Git\cmd;C:\Program Files\TortoiseSVN\bin;D:\Program Files\erl10.3\bin;C:\Program Files\TortoiseGit\bin;C:\Program Files\nodejs\;D:\maven\apache-maven-3.6.2\bin\;D:\androidSdk\android-sdk-windows\platform-tools;D:\androidSdk\android-sdk-windows\tools;C:\Users\Administrator\AppData\Local\Programs\Python\Python38\Scripts\;C:\Users\Administrator\AppData\Local\Programs\Python\Python38\;C:\Program Files\Java\jdk1.8.0_161\bin;C:\Users\Administrator\AppData\Local\Microsoft\WindowsApps;E:\工具\Microsoft VS Code\Microsoft VS Code\bin;C:\Users\Administrator\AppData\Roaming\npm;D:\ffmpeg\bin;C:\Program Files (x86)\SSH Communications Security\SSH Secure Shell;D:\maven\apache-maven-3.6.2\bin\;;."/>
    <property name="java.vm.info" value="mixed mode"/>
    <property name="java.vendor" value="Oracle Corporation"/>
    <property name="java.vm.version" value="25.161-b12"/>
    <property name="java.ext.dirs" value="C:\Program Files\Java\jdk1.8.0_161\jre\lib\ext;C:\WINDOWS\Sun\Java\lib\ext"/>
    <property name="sun.io.unicode.encoding" value="UnicodeLittle"/>
    <property name="maven.repo.local" value="D:\maven\apache-maven-3.6.2\lib"/>
    <property name="java.class.version" value="52.0"/>
  </properties>
  <testcase name="contextLoads" classname="com.springcloud.txmanagertest.TxManagerApplicationTests" time="0.069"/>
</testsuite>